TN:
SF:src\modules\products\services\CreateProductService.ts
FN:14,CreateProductService
FN:19,Object.<anonymous>.CreateProductService.execute
FNF:2
FNH:2
FNDA:5,CreateProductService
FNDA:7,Object.<anonymous>.CreateProductService.execute
DA:1,1
DA:2,1
DA:3,1
DA:4,1
DA:5,1
DA:6,1
DA:7,1
DA:8,1
DA:9,1
DA:10,1
DA:11,1
DA:12,1
DA:13,5
DA:14,5
DA:15,5
DA:16,5
DA:17,5
DA:18,5
DA:19,5
DA:20,7
DA:21,7
DA:22,7
DA:23,7
DA:24,7
DA:25,7
DA:26,7
DA:27,7
DA:28,7
DA:29,7
DA:30,7
DA:31,7
DA:32,7
DA:33,7
DA:34,5
DA:35,1
DA:36,1
LF:36
LH:36
BRDA:13,0,0,5
BRDA:14,1,0,5
BRDA:19,2,0,7
BRDA:25,3,0,7
BRF:4
BRH:4
end_of_record
TN:
SF:src\modules\products\services\DeleteProductService.ts
FN:6,DeleteProductService
FN:11,Object.<anonymous>.DeleteProductService.execute
FNF:2
FNH:2
FNDA:2,DeleteProductService
FNDA:2,Object.<anonymous>.DeleteProductService.execute
DA:1,1
DA:2,1
DA:3,1
DA:4,1
DA:5,1
DA:6,1
DA:7,2
DA:8,2
DA:9,2
DA:10,1
DA:11,1
DA:12,2
DA:13,2
DA:14,2
DA:15,1
DA:16,1
DA:17,1
DA:18,1
DA:19,2
DA:20,1
DA:21,1
DA:22,1
LF:22
LH:22
BRDA:5,0,0,1
BRDA:6,1,0,2
BRDA:11,2,0,2
BRDA:12,3,0,2
BRDA:14,4,0,1
BRF:5
BRH:5
end_of_record
TN:
SF:src\modules\products\services\ListProductsService.ts
FN:7,ListProductsService
FN:12,Object.<anonymous>.ListProductsService.execute
FNF:2
FNH:2
FNDA:2,ListProductsService
FNDA:2,Object.<anonymous>.ListProductsService.execute
DA:1,1
DA:2,1
DA:3,1
DA:4,1
DA:5,1
DA:6,2
DA:7,2
DA:8,2
DA:9,2
DA:10,2
DA:11,2
DA:12,2
DA:13,2
DA:14,2
DA:15,2
DA:16,2
DA:17,2
DA:18,1
DA:19,1
LF:19
LH:19
BRDA:6,0,0,2
BRDA:7,1,0,2
BRDA:12,2,0,2
BRDA:13,3,0,2
BRF:4
BRH:4
end_of_record
TN:
SF:src\modules\products\services\ShowProductService.ts
FN:7,ShowProductService
FN:12,Object.<anonymous>.ShowProductService.execute
FNF:2
FNH:2
FNDA:2,ShowProductService
FNDA:2,Object.<anonymous>.ShowProductService.execute
DA:1,1
DA:2,1
DA:3,1
DA:4,1
DA:5,1
DA:6,1
DA:7,1
DA:8,2
DA:9,2
DA:10,2
DA:11,1
DA:12,1
DA:13,2
DA:14,2
DA:15,2
DA:16,1
DA:17,1
DA:18,1
DA:19,1
DA:20,2
DA:21,1
DA:22,1
DA:23,1
LF:23
LH:23
BRDA:6,0,0,1
BRDA:7,1,0,2
BRDA:12,2,0,2
BRDA:13,3,0,2
BRDA:15,4,0,1
BRF:5
BRH:5
end_of_record
TN:
SF:src\modules\products\services\UpdateProductService.ts
FN:15,UpdateProductService
FN:20,Object.<anonymous>.UpdateProductService.execute
FNF:2
FNH:2
FNDA:2,UpdateProductService
FNDA:2,Object.<anonymous>.UpdateProductService.execute
DA:1,1
DA:2,1
DA:3,1
DA:4,1
DA:5,1
DA:6,1
DA:7,1
DA:8,1
DA:9,1
DA:10,1
DA:11,1
DA:12,1
DA:13,1
DA:14,1
DA:15,1
DA:16,2
DA:17,2
DA:18,2
DA:19,1
DA:20,1
DA:21,2
DA:22,2
DA:23,2
DA:24,2
DA:25,2
DA:26,2
DA:27,2
DA:28,2
DA:29,2
DA:30,1
DA:31,1
DA:32,1
DA:33,1
DA:34,1
DA:35,1
DA:36,1
DA:37,1
DA:38,1
DA:39,2
DA:40,2
DA:41,2
DA:42,1
DA:43,1
DA:44,1
LF:44
LH:44
BRDA:14,0,0,1
BRDA:15,1,0,2
BRDA:20,2,0,2
BRDA:27,3,0,2
BRDA:29,4,0,1
BRF:5
BRH:5
end_of_record
